{"name": "test_searchCustomerByName", "status": "failed", "statusDetails": {"message": "AssertionError: assert False", "trace": "self = <TestCases.test_searchcustomer.Test_004_SearchCustomer object at 0x000001B0C9DF3CD0>, setup = <selenium.webdriver.chrome.webdriver.WebDriver (session=\"61598ff32ee53190f0d1e673d33b0528\")>\n\n    @pytest.mark.regression\n    @allure.severity(allure.severity_level.NORMAL)\n    def test_searchCustomerByName(self,setup):\n        self.driver = setup\n        self.logger.info(\"*********** Starting Test_004 Search Customer ny Name*******\")\n        setup.get(self.baseURL)\n        self.lp = LoginPage(self.driver)\n        self.lp.setUserName(self.username)\n        self.lp.setPassword(self.password)\n        self.lp.clickLogin()\n        act_title = self.driver.title\n        if act_title == \"Dashboard / nopCommerce administration\":\n            self.logger.info(\"*************Login Passed ***************\")\n            assert True\n        else:\n            self.driver.save_screenshot(\".\\\\Screenshots\\\\\" + \"test_Login.png\")\n            self.logger.error(\"###############Login Failed #####################\")\n            assert False\n        self.ac=AddCustomer(setup)\n        self.logger.info(\"******** clicking on customers menu and submenu ********\")\n        self.ac.clickCustomer()\n        self.sc=SearchCustomer(setup)\n        self.logger.info(\"********* Searching customer by Name *********\")\n        self.sc.setFirstname(\"Victoria\")\n        self.sc.setLastname(\"Terces\")\n        time.sleep(2)\n        self.sc.clickSearch()\n        time.sleep(5)\n        status1 = self.sc.searchCustomerByName(\"Nagaveni\")\n        if status1 == True:\n            self.logger.info(\"*********** Test Search customer by Name Passed *************\")\n            assert True\n        else:\n            allure.attach(self.driver.get_screenshot_as_png(),name=\"test search customer by name\",\n                          attachment_type=AttachmentType.PNG)\n            self.driver.save_screenshot(\".\\\\Screenshots\\\\\" + \"test_searchcustbyName.png\")\n            self.logger.error(\"##### Test Search customer by Name Failed ############\")\n>           assert False\nE           assert False\n\nTestCases\\test_searchcustomer.py:97: AssertionError"}, "attachments": [{"name": "test search customer by name", "source": "a65b515b-a803-4e56-88a4-a6ba1c3b8c12-attachment.png", "type": "image/png"}, {"name": "log", "source": "efacc078-4a13-4bd7-befd-cba4e1ea6216-attachment.txt", "type": "text/plain"}, {"name": "stdout", "source": "1cb4d224-088e-42b9-9976-5d52831f5e97-attachment.txt", "type": "text/plain"}], "start": 1668545186139, "stop": 1668545203131, "uuid": "e23d63b8-2097-44d3-802f-a07e4f7017a5", "historyId": "8a8094fe33ec70e14d9b43c589b2c496", "testCaseId": "24952b36b14aed7be70e52c0b8727f71", "fullName": "TestCases.test_searchcustomer.Test_004_SearchCustomer#test_searchCustomerByName", "labels": [{"name": "severity", "value": "normal"}, {"name": "tag", "value": "regression"}, {"name": "parentSuite", "value": "TestCases"}, {"name": "suite", "value": "test_searchcustomer"}, {"name": "subSuite", "value": "Test_004_SearchCustomer"}, {"name": "host", "value": "LAPTOP-DI1V5LOI"}, {"name": "thread", "value": "22924-MainThread"}, {"name": "framework", "value": "pytest"}, {"name": "language", "value": "cpython3"}, {"name": "package", "value": "TestCases.test_searchcustomer"}]}