{"name": "test_searchCustomerByName", "status": "failed", "statusDetails": {"message": "AssertionError: assert False", "trace": "self = <TestCases.test_searchcustomer.Test_004_SearchCustomer object at 0x000001782BF13D60>, setup = <selenium.webdriver.chrome.webdriver.WebDriver (session=\"96dfc179585dde68e505d5dddd3a8b69\")>\n\n    @pytest.mark.regression\n    @allure.severity(allure.severity_level.NORMAL)\n    def test_searchCustomerByName(self,setup):\n        self.driver = setup\n        self.logger.info(\"*********** Starting Test_004 Search Customer ny Name*******\")\n        setup.get(self.baseURL)\n        self.lp = LoginPage(self.driver)\n        self.lp.setUserName(self.username)\n        self.lp.setPassword(self.password)\n        self.lp.clickLogin()\n        act_title = self.driver.title\n        if act_title == \"Dashboard / nopCommerce administration\":\n            self.logger.info(\"*************Login Passed ***************\")\n            assert True\n        else:\n            self.driver.save_screenshot(\".\\\\Screenshots\\\\\" + \"test_Login.png\")\n            self.logger.error(\"###############Login Failed #####################\")\n            assert False\n        self.ac=AddCustomer(setup)\n        self.logger.info(\"******** clicking on customers menu and submenu ********\")\n        self.ac.clickCustomer()\n        self.sc=SearchCustomer(setup)\n        self.logger.info(\"********* Searching customer by Name *********\")\n        self.sc.setFirstname(\"Victoria\")\n        self.sc.setLastname(\"Terces\")\n        time.sleep(2)\n        self.sc.clickSearch()\n        time.sleep(5)\n        status1 = self.sc.searchCustomerByName(\"Nagaveni\")\n        if status1 == True:\n            self.logger.info(\"*********** Test Search customer by Name Passed *************\")\n            assert True\n        else:\n            allure.attach(self.driver.get_screenshot_as_png(),name=\"test search customer by name\",\n                          attachment_type=AttachmentType.PNG)\n            self.driver.save_screenshot(\".\\\\Screenshots\\\\\" + \"test_searchcustbyName.png\")\n            self.logger.error(\"##### Test Search customer by Name Failed ############\")\n>           assert False\nE           assert False\n\nTestCases\\test_searchcustomer.py:97: AssertionError"}, "attachments": [{"name": "test search customer by name", "source": "fa6e5775-ea89-4c1a-9b0d-386a6dedb7fb-attachment.png", "type": "image/png"}, {"name": "log", "source": "be2893ac-437a-480b-8eb2-af02b29bde16-attachment.txt", "type": "text/plain"}, {"name": "stdout", "source": "ceb95686-10f1-4a56-a686-9bdbc81bd571-attachment.txt", "type": "text/plain"}], "start": 1668545581785, "stop": 1668545595762, "uuid": "19c09df7-d206-4728-8bd7-c5e01ff53f9b", "historyId": "8a8094fe33ec70e14d9b43c589b2c496", "testCaseId": "24952b36b14aed7be70e52c0b8727f71", "fullName": "TestCases.test_searchcustomer.Test_004_SearchCustomer#test_searchCustomerByName", "labels": [{"name": "severity", "value": "normal"}, {"name": "tag", "value": "regression"}, {"name": "parentSuite", "value": "TestCases"}, {"name": "suite", "value": "test_searchcustomer"}, {"name": "subSuite", "value": "Test_004_SearchCustomer"}, {"name": "host", "value": "LAPTOP-DI1V5LOI"}, {"name": "thread", "value": "17632-MainThread"}, {"name": "framework", "value": "pytest"}, {"name": "language", "value": "cpython3"}, {"name": "package", "value": "TestCases.test_searchcustomer"}]}